e:\project\jumopking\jumopking\x64\debug\jumopking.pch
e:\project\jumopking\jumopking\x64\debug\vc143.pdb
e:\project\jumopking\jumopking\x64\debug\vc143.idb
e:\project\jumopking\jumopking\x64\debug\pch.obj
e:\project\jumopking\jumopking\x64\debug\baseobject.obj
e:\project\jumopking\jumopking\x64\debug\main.obj
e:\project\jumopking\jumopking\x64\debug\common_function.obj
d:\workspace\project\f-code\game\jumpkingtest2\jumopking\x64\debug\jumopking.pch
d:\workspace\project\f-code\game\jumpkingtest2\jumopking\x64\debug\vc143.pdb
d:\workspace\project\f-code\game\jumpkingtest2\jumopking\x64\debug\vc143.idb
d:\workspace\project\f-code\game\jumpkingtest2\jumopking\x64\debug\pch.obj
e:\project\jumopking\x64\debug\jumopking.exe
e:\project\jumopking\jumopking\x64\debug\jumopking.ilk
e:\project\jumopking\x64\debug\jumopking.pdb
d:\workspace\project\f-code\game\jumpkingtest2\jumopking\x64\debug\baseobject.obj
d:\workspace\project\f-code\game\jumpkingtest2\jumopking\x64\debug\common_function.obj
d:\workspace\project\f-code\game\jumpkingtest2\jumopking\x64\debug\main.obj
d:\workspace\project\f-code\game\jumpkingtest2\jumopking\x64\debug\jumopking.ilk
d:\workspace\project\f-code\game\jumpkingtest2\x64\debug\jumopking.pdb
d:\workspace\project\f-code\game\jumpkingtest2\x64\debug\jumopking.exe
d:\workspace\project\f-code\game\jumpkingtest2\jumopking\x64\debug\jumopking.tlog\cl.command.1.tlog
d:\workspace\project\f-code\game\jumpkingtest2\jumopking\x64\debug\jumopking.tlog\cl.read.1.tlog
d:\workspace\project\f-code\game\jumpkingtest2\jumopking\x64\debug\jumopking.tlog\cl.write.1.tlog
d:\workspace\project\f-code\game\jumpkingtest2\jumopking\x64\debug\jumopking.tlog\link.command.1.tlog
d:\workspace\project\f-code\game\jumpkingtest2\jumopking\x64\debug\jumopking.tlog\link.read.1.tlog
d:\workspace\project\f-code\game\jumpkingtest2\jumopking\x64\debug\jumopking.tlog\link.write.1.tlog
